Core: syncing core. Disabled ...disabled.

Opening /mnt/g/gitrepos/moodle-theme_klassplace/version.php
Changing to /mnt/c/wwwroot64/moodle_45_sumatra/theme/klassplace
syncing plugin code...
coming back...

Opening /mnt/g/gitrepos/moodle-theme_klassplace01_P/version.php
Changing to /mnt/c/wwwroot64/moodle_45_sumatra/theme/klassplace01
syncing plugin code...
coming back...

Opening /mnt/g/gitrepos/moodle-theme_klassplace02_P/version.php
Changing to /mnt/c/wwwroot64/moodle_45_sumatra/theme/klassplace02
syncing plugin code...
coming back...

Opening /mnt/g/gitrepos/moodle-theme_klassplace03_P/version.php
Changing to /mnt/c/wwwroot64/moodle_45_sumatra/theme/klassplace03
syncing plugin code...
coming back...

Opening /mnt/g/gitrepos/moodle-theme_klassplace04_P/version.php
Changing to /mnt/c/wwwroot64/moodle_45_sumatra/theme/klassplace04
syncing plugin code...
coming back...

Opening /mnt/g/gitrepos/moodle-theme_klassplace05_P/version.php
Changing to /mnt/c/wwwroot64/moodle_45_sumatra/theme/klassplace05
syncing plugin code...
coming back...

Opening /mnt/g/gitrepos/moodle-theme_klassplace06_P/version.php
Git branch switch failed. It may be missing on plugin theme_klassplace06_P
